[debug] [2021-02-05T21:37:01.490Z] ----------------------------------------------------------------------
[debug] [2021-02-05T21:37:01.491Z] Command:       /usr/local/bin/node /usr/local/bin/firebase serve --only functions
[debug] [2021-02-05T21:37:01.491Z] CLI Version:   8.9.1
[debug] [2021-02-05T21:37:01.491Z] Platform:      darwin
[debug] [2021-02-05T21:37:01.491Z] Node Version:  v12.17.0
[debug] [2021-02-05T21:37:01.492Z] Time:          Fri Feb 05 2021 13:37:01 GMT-0800 (Pacific Standard Time)
[debug] [2021-02-05T21:37:01.492Z] ----------------------------------------------------------------------
[debug] [2021-02-05T21:37:01.492Z] 
[debug] [2021-02-05T21:37:01.501Z] > command requires scopes: ["email","openid","https://www.googleapis.com/auth/cloudplatformprojects.readonly","https://www.googleapis.com/auth/firebase","https://www.googleapis.com/auth/cloud-platform"]
[debug] [2021-02-05T21:37:01.501Z] > authorizing via signed-in user
[debug] [2021-02-05T21:37:01.501Z] [iam] checking project kliit-health-app for permissions ["firebase.projects.get"]
[debug] [2021-02-05T21:37:01.502Z] > refreshing access token with scopes: ["email","https://www.googleapis.com/auth/cloud-platform","https://www.googleapis.com/auth/cloudplatformprojects.readonly","https://www.googleapis.com/auth/firebase","openid"]
[debug] [2021-02-05T21:37:01.502Z] >>> HTTP REQUEST POST https://www.googleapis.com/oauth2/v3/token  
 <request body omitted>
[debug] [2021-02-05T21:37:01.669Z] <<< HTTP RESPONSE 200 {"cache-control":"no-cache, no-store, max-age=0, must-revalidate","date":"Fri, 05 Feb 2021 21:37:01 GMT","pragma":"no-cache","expires":"Mon, 01 Jan 1990 00:00:00 GMT","content-type":"application/json; charset=utf-8","vary":"X-Origin, Referer, Origin,Accept-Encoding","server":"scaffolding on HTTPServer2","x-xss-protection":"0","x-frame-options":"SAMEORIGIN","x-content-type-options":"nosniff","alt-svc":"h3-29=\":443\"; ma=2592000,h3-T051=\":443\"; ma=2592000,h3-Q050=\":443\"; ma=2592000,h3-Q046=\":443\"; ma=2592000,h3-Q043=\":443\"; ma=2592000,quic=\":443\"; ma=2592000; v=\"46,43\"","accept-ranges":"none","transfer-encoding":"chunked"}
[debug] [2021-02-05T21:37:01.676Z] >>> HTTP REQUEST POST https://cloudresourcemanager.googleapis.com/v1/projects/kliit-health-app:testIamPermissions  
 {"permissions":["firebase.projects.get"]}
[debug] [2021-02-05T21:37:02.059Z] <<< HTTP RESPONSE 200 {"content-type":"application/json; charset=UTF-8","vary":"X-Origin, Referer, Origin,Accept-Encoding","date":"Fri, 05 Feb 2021 21:37:02 GMT","server":"ESF","cache-control":"private","x-xss-protection":"0","x-frame-options":"SAMEORIGIN","x-content-type-options":"nosniff","server-timing":"gfet4t7; dur=311","alt-svc":"h3-29=\":443\"; ma=2592000,h3-T051=\":443\"; ma=2592000,h3-Q050=\":443\"; ma=2592000,h3-Q046=\":443\"; ma=2592000,h3-Q043=\":443\"; ma=2592000,quic=\":443\"; ma=2592000; v=\"46,43\"","accept-ranges":"none","transfer-encoding":"chunked"}
[debug] [2021-02-05T21:37:02.060Z] >>> HTTP REQUEST GET https://firebase.googleapis.com/v1beta1/projects/kliit-health-app  
 
[debug] [2021-02-05T21:37:02.299Z] <<< HTTP RESPONSE 200 {"content-type":"application/json; charset=UTF-8","vary":"X-Origin, Referer, Origin,Accept-Encoding","date":"Fri, 05 Feb 2021 21:37:02 GMT","server":"ESF","cache-control":"private","x-xss-protection":"0","x-frame-options":"SAMEORIGIN","x-content-type-options":"nosniff","alt-svc":"h3-29=\":443\"; ma=2592000,h3-T051=\":443\"; ma=2592000,h3-Q050=\":443\"; ma=2592000,h3-Q046=\":443\"; ma=2592000,h3-Q043=\":443\"; ma=2592000,quic=\":443\"; ma=2592000; v=\"46,43\"","accept-ranges":"none","transfer-encoding":"chunked"}
[info] ✔  functions: Using node@12 from host. {"metadata":{"emulator":{"name":"functions"},"message":"Using node@12 from host."}}
[debug] [2021-02-05T21:37:02.308Z] defaultcredentials: writing to file /Users/aaron/.config/firebase/aaron_kliithealth_com_application_default_credentials.json
[debug] [2021-02-05T21:37:02.309Z] Setting GAC to /Users/aaron/.config/firebase/aaron_kliithealth_com_application_default_credentials.json {"metadata":{"emulator":{"name":"functions"},"message":"Setting GAC to /Users/aaron/.config/firebase/aaron_kliithealth_com_application_default_credentials.json"}}
[info] i  functions: Watching "/Users/aaron/Desktop/Coding/Kiira/firebase-app-functions/functions" for Cloud Functions... {"metadata":{"emulator":{"name":"functions"},"message":"Watching \"/Users/aaron/Desktop/Coding/Kiira/firebase-app-functions/functions\" for Cloud Functions..."}}
[debug] [2021-02-05T21:37:02.318Z] [worker-pool] addWorker(~diagnostic~) {"metadata":{"emulator":{"name":"functions"},"message":"[worker-pool] addWorker(~diagnostic~)"}}
[debug] [2021-02-05T21:37:02.319Z] [worker-pool] Adding worker with key ~diagnostic~, total=1 {"metadata":{"emulator":{"name":"functions"},"message":"[worker-pool] Adding worker with key ~diagnostic~, total=1"}}
[debug] [2021-02-05T21:37:02.319Z] [worker-pool] submitWork(triggerId=) {"metadata":{"emulator":{"name":"functions"},"message":"[worker-pool] submitWork(triggerId=)"}}
[debug] [2021-02-05T21:37:02.319Z] [worker-~diagnostic~-94da555b-73a5-447b-ab0f-003e89f198bf]: Assigning socketPath: /var/folders/h0/gmb8mpk56vj7t4v3gsx0zf480000gn/T/fire_emu_17413.sock {"metadata":{"emulator":{"name":"functions"},"message":"[worker-~diagnostic~-94da555b-73a5-447b-ab0f-003e89f198bf]: Assigning socketPath: /var/folders/h0/gmb8mpk56vj7t4v3gsx0zf480000gn/T/fire_emu_17413.sock"}}
[debug] [2021-02-05T21:37:02.319Z] [worker-~diagnostic~-94da555b-73a5-447b-ab0f-003e89f198bf]: BUSY {"metadata":{"emulator":{"name":"functions"},"message":"[worker-~diagnostic~-94da555b-73a5-447b-ab0f-003e89f198bf]: BUSY"}}
[debug] [2021-02-05T21:37:02.486Z] [runtime-status] [17413] Functions runtime initialized. {"cwd":"/Users/aaron/Desktop/Coding/Kiira/firebase-app-functions/functions","node_version":"12.17.0"} {"metadata":{"emulator":{"name":"functions"},"message":"[runtime-status] [17413] Functions runtime initialized. {\"cwd\":\"/Users/aaron/Desktop/Coding/Kiira/firebase-app-functions/functions\",\"node_version\":\"12.17.0\"}"}}
[debug] [2021-02-05T21:37:02.486Z] [runtime-status] [17413] Disabled runtime features: undefined {"metadata":{"emulator":{"name":"functions"},"message":"[runtime-status] [17413] Disabled runtime features: undefined"}}
[debug] [2021-02-05T21:37:02.488Z] [runtime-status] [17413] Resolved module firebase-admin {"declared":true,"installed":true,"version":"8.7.0","resolution":"/Users/aaron/Desktop/Coding/Kiira/firebase-app-functions/functions/node_modules/firebase-admin/lib/index.js"} {"metadata":{"emulator":{"name":"functions"},"message":"[runtime-status] [17413] Resolved module firebase-admin {\"declared\":true,\"installed\":true,\"version\":\"8.7.0\",\"resolution\":\"/Users/aaron/Desktop/Coding/Kiira/firebase-app-functions/functions/node_modules/firebase-admin/lib/index.js\"}"}}
[warn] ⚠  The Cloud Functions emulator requires the module "firebase-admin" to be version >8.9.0 so your version is too old. You can probably fix this by running "npm install firebase-admin@latest" in your functions directory. {"metadata":{"emulator":{"name":"functions"},"message":"The Cloud Functions emulator requires the module \"firebase-admin\" to be version >8.9.0 so your version is too old. You can probably fix this by running \"npm install firebase-admin@latest\" in your functions directory."}}
[info] i  functions: Your functions could not be parsed due to an issue with your node_modules (see above) {"metadata":{"emulator":{"name":"functions"},"message":"Your functions could not be parsed due to an issue with your node_modules (see above)"}}
[debug] [2021-02-05T21:37:02.503Z] [worker-~diagnostic~-94da555b-73a5-447b-ab0f-003e89f198bf]: exited {"metadata":{"emulator":{"name":"functions"},"message":"[worker-~diagnostic~-94da555b-73a5-447b-ab0f-003e89f198bf]: exited"}}
[debug] [2021-02-05T21:37:02.503Z] [worker-~diagnostic~-94da555b-73a5-447b-ab0f-003e89f198bf]: FINISHED {"metadata":{"emulator":{"name":"functions"},"message":"[worker-~diagnostic~-94da555b-73a5-447b-ab0f-003e89f198bf]: FINISHED"}}
[debug] [2021-02-05T21:37:42.241Z] ----------------------------------------------------------------------
[debug] [2021-02-05T21:37:42.243Z] Command:       /usr/local/bin/node /usr/local/bin/firebase serve --only functions
[debug] [2021-02-05T21:37:42.243Z] CLI Version:   8.9.1
[debug] [2021-02-05T21:37:42.243Z] Platform:      darwin
[debug] [2021-02-05T21:37:42.243Z] Node Version:  v12.17.0
[debug] [2021-02-05T21:37:42.244Z] Time:          Fri Feb 05 2021 13:37:42 GMT-0800 (Pacific Standard Time)
[debug] [2021-02-05T21:37:42.244Z] ----------------------------------------------------------------------
[debug] [2021-02-05T21:37:42.244Z] 
[debug] [2021-02-05T21:37:42.249Z] > command requires scopes: ["email","openid","https://www.googleapis.com/auth/cloudplatformprojects.readonly","https://www.googleapis.com/auth/firebase","https://www.googleapis.com/auth/cloud-platform"]
[debug] [2021-02-05T21:37:42.250Z] > authorizing via signed-in user
[debug] [2021-02-05T21:37:42.250Z] [iam] checking project kliit-health-app for permissions ["firebase.projects.get"]
[debug] [2021-02-05T21:37:42.251Z] >>> HTTP REQUEST POST https://cloudresourcemanager.googleapis.com/v1/projects/kliit-health-app:testIamPermissions  
 {"permissions":["firebase.projects.get"]}
[debug] [2021-02-05T21:37:42.556Z] <<< HTTP RESPONSE 200 {"content-type":"application/json; charset=UTF-8","vary":"X-Origin, Referer, Origin,Accept-Encoding","date":"Fri, 05 Feb 2021 21:37:42 GMT","server":"ESF","cache-control":"private","x-xss-protection":"0","x-frame-options":"SAMEORIGIN","x-content-type-options":"nosniff","server-timing":"gfet4t7; dur=242","alt-svc":"h3-29=\":443\"; ma=2592000,h3-T051=\":443\"; ma=2592000,h3-Q050=\":443\"; ma=2592000,h3-Q046=\":443\"; ma=2592000,h3-Q043=\":443\"; ma=2592000,quic=\":443\"; ma=2592000; v=\"46,43\"","accept-ranges":"none","transfer-encoding":"chunked"}
[debug] [2021-02-05T21:37:42.557Z] >>> HTTP REQUEST GET https://firebase.googleapis.com/v1beta1/projects/kliit-health-app  
 
[debug] [2021-02-05T21:37:42.726Z] <<< HTTP RESPONSE 200 {"content-type":"application/json; charset=UTF-8","vary":"X-Origin, Referer, Origin,Accept-Encoding","date":"Fri, 05 Feb 2021 21:37:42 GMT","server":"ESF","cache-control":"private","x-xss-protection":"0","x-frame-options":"SAMEORIGIN","x-content-type-options":"nosniff","alt-svc":"h3-29=\":443\"; ma=2592000,h3-T051=\":443\"; ma=2592000,h3-Q050=\":443\"; ma=2592000,h3-Q046=\":443\"; ma=2592000,h3-Q043=\":443\"; ma=2592000,quic=\":443\"; ma=2592000; v=\"46,43\"","accept-ranges":"none","transfer-encoding":"chunked"}
[info] ✔  functions: Using node@12 from host. {"metadata":{"emulator":{"name":"functions"},"message":"Using node@12 from host."}}
[debug] [2021-02-05T21:37:42.735Z] defaultcredentials: writing to file /Users/aaron/.config/firebase/aaron_kliithealth_com_application_default_credentials.json
[debug] [2021-02-05T21:37:42.736Z] Setting GAC to /Users/aaron/.config/firebase/aaron_kliithealth_com_application_default_credentials.json {"metadata":{"emulator":{"name":"functions"},"message":"Setting GAC to /Users/aaron/.config/firebase/aaron_kliithealth_com_application_default_credentials.json"}}
[info] i  functions: Watching "/Users/aaron/Desktop/Coding/Kiira/firebase-app-functions/functions" for Cloud Functions... {"metadata":{"emulator":{"name":"functions"},"message":"Watching \"/Users/aaron/Desktop/Coding/Kiira/firebase-app-functions/functions\" for Cloud Functions..."}}
[debug] [2021-02-05T21:37:42.746Z] [worker-pool] addWorker(~diagnostic~) {"metadata":{"emulator":{"name":"functions"},"message":"[worker-pool] addWorker(~diagnostic~)"}}
[debug] [2021-02-05T21:37:42.746Z] [worker-pool] Adding worker with key ~diagnostic~, total=1 {"metadata":{"emulator":{"name":"functions"},"message":"[worker-pool] Adding worker with key ~diagnostic~, total=1"}}
[debug] [2021-02-05T21:37:42.746Z] [worker-pool] submitWork(triggerId=) {"metadata":{"emulator":{"name":"functions"},"message":"[worker-pool] submitWork(triggerId=)"}}
[debug] [2021-02-05T21:37:42.747Z] [worker-~diagnostic~-eef0b026-6f2a-4d39-afef-30f5a773b1ca]: Assigning socketPath: /var/folders/h0/gmb8mpk56vj7t4v3gsx0zf480000gn/T/fire_emu_17460.sock {"metadata":{"emulator":{"name":"functions"},"message":"[worker-~diagnostic~-eef0b026-6f2a-4d39-afef-30f5a773b1ca]: Assigning socketPath: /var/folders/h0/gmb8mpk56vj7t4v3gsx0zf480000gn/T/fire_emu_17460.sock"}}
[debug] [2021-02-05T21:37:42.747Z] [worker-~diagnostic~-eef0b026-6f2a-4d39-afef-30f5a773b1ca]: BUSY {"metadata":{"emulator":{"name":"functions"},"message":"[worker-~diagnostic~-eef0b026-6f2a-4d39-afef-30f5a773b1ca]: BUSY"}}
[debug] [2021-02-05T21:37:42.919Z] [runtime-status] [17460] Functions runtime initialized. {"cwd":"/Users/aaron/Desktop/Coding/Kiira/firebase-app-functions/functions","node_version":"12.17.0"} {"metadata":{"emulator":{"name":"functions"},"message":"[runtime-status] [17460] Functions runtime initialized. {\"cwd\":\"/Users/aaron/Desktop/Coding/Kiira/firebase-app-functions/functions\",\"node_version\":\"12.17.0\"}"}}
[debug] [2021-02-05T21:37:42.920Z] [runtime-status] [17460] Disabled runtime features: undefined {"metadata":{"emulator":{"name":"functions"},"message":"[runtime-status] [17460] Disabled runtime features: undefined"}}
[debug] [2021-02-05T21:37:42.921Z] [runtime-status] [17460] Resolved module firebase-admin {"declared":true,"installed":true,"version":"8.7.0","resolution":"/Users/aaron/Desktop/Coding/Kiira/firebase-app-functions/functions/node_modules/firebase-admin/lib/index.js"} {"metadata":{"emulator":{"name":"functions"},"message":"[runtime-status] [17460] Resolved module firebase-admin {\"declared\":true,\"installed\":true,\"version\":\"8.7.0\",\"resolution\":\"/Users/aaron/Desktop/Coding/Kiira/firebase-app-functions/functions/node_modules/firebase-admin/lib/index.js\"}"}}
[warn] ⚠  The Cloud Functions emulator requires the module "firebase-admin" to be version >8.9.0 so your version is too old. You can probably fix this by running "npm install firebase-admin@latest" in your functions directory. {"metadata":{"emulator":{"name":"functions"},"message":"The Cloud Functions emulator requires the module \"firebase-admin\" to be version >8.9.0 so your version is too old. You can probably fix this by running \"npm install firebase-admin@latest\" in your functions directory."}}
[info] i  functions: Your functions could not be parsed due to an issue with your node_modules (see above) {"metadata":{"emulator":{"name":"functions"},"message":"Your functions could not be parsed due to an issue with your node_modules (see above)"}}
[debug] [2021-02-05T21:37:42.936Z] [worker-~diagnostic~-eef0b026-6f2a-4d39-afef-30f5a773b1ca]: exited {"metadata":{"emulator":{"name":"functions"},"message":"[worker-~diagnostic~-eef0b026-6f2a-4d39-afef-30f5a773b1ca]: exited"}}
[debug] [2021-02-05T21:37:42.936Z] [worker-~diagnostic~-eef0b026-6f2a-4d39-afef-30f5a773b1ca]: FINISHED {"metadata":{"emulator":{"name":"functions"},"message":"[worker-~diagnostic~-eef0b026-6f2a-4d39-afef-30f5a773b1ca]: FINISHED"}}
[debug] [2021-02-05T21:38:21.490Z] ----------------------------------------------------------------------
[debug] [2021-02-05T21:38:21.491Z] Command:       /usr/local/bin/node /usr/local/bin/firebase serve --only functions
[debug] [2021-02-05T21:38:21.491Z] CLI Version:   8.9.1
[debug] [2021-02-05T21:38:21.491Z] Platform:      darwin
[debug] [2021-02-05T21:38:21.492Z] Node Version:  v12.17.0
[debug] [2021-02-05T21:38:21.492Z] Time:          Fri Feb 05 2021 13:38:21 GMT-0800 (Pacific Standard Time)
[debug] [2021-02-05T21:38:21.492Z] ----------------------------------------------------------------------
[debug] [2021-02-05T21:38:21.492Z] 
[debug] [2021-02-05T21:38:21.498Z] > command requires scopes: ["email","openid","https://www.googleapis.com/auth/cloudplatformprojects.readonly","https://www.googleapis.com/auth/firebase","https://www.googleapis.com/auth/cloud-platform"]
[debug] [2021-02-05T21:38:21.498Z] > authorizing via signed-in user
[debug] [2021-02-05T21:38:21.498Z] [iam] checking project kliit-health-app for permissions ["firebase.projects.get"]
[debug] [2021-02-05T21:38:21.500Z] >>> HTTP REQUEST POST https://cloudresourcemanager.googleapis.com/v1/projects/kliit-health-app:testIamPermissions  
 {"permissions":["firebase.projects.get"]}
[debug] [2021-02-05T21:38:21.948Z] <<< HTTP RESPONSE 200 {"content-type":"application/json; charset=UTF-8","vary":"X-Origin, Referer, Origin,Accept-Encoding","date":"Fri, 05 Feb 2021 21:38:21 GMT","server":"ESF","cache-control":"private","x-xss-protection":"0","x-frame-options":"SAMEORIGIN","x-content-type-options":"nosniff","server-timing":"gfet4t7; dur=311","alt-svc":"h3-29=\":443\"; ma=2592000,h3-T051=\":443\"; ma=2592000,h3-Q050=\":443\"; ma=2592000,h3-Q046=\":443\"; ma=2592000,h3-Q043=\":443\"; ma=2592000,quic=\":443\"; ma=2592000; v=\"46,43\"","accept-ranges":"none","transfer-encoding":"chunked"}
[debug] [2021-02-05T21:38:21.949Z] >>> HTTP REQUEST GET https://firebase.googleapis.com/v1beta1/projects/kliit-health-app  
 
[debug] [2021-02-05T21:38:22.095Z] <<< HTTP RESPONSE 200 {"content-type":"application/json; charset=UTF-8","vary":"X-Origin, Referer, Origin,Accept-Encoding","date":"Fri, 05 Feb 2021 21:38:22 GMT","server":"ESF","cache-control":"private","x-xss-protection":"0","x-frame-options":"SAMEORIGIN","x-content-type-options":"nosniff","alt-svc":"h3-29=\":443\"; ma=2592000,h3-T051=\":443\"; ma=2592000,h3-Q050=\":443\"; ma=2592000,h3-Q046=\":443\"; ma=2592000,h3-Q043=\":443\"; ma=2592000,quic=\":443\"; ma=2592000; v=\"46,43\"","accept-ranges":"none","transfer-encoding":"chunked"}
[info] ✔  functions: Using node@12 from host. {"metadata":{"emulator":{"name":"functions"},"message":"Using node@12 from host."}}
[debug] [2021-02-05T21:38:22.104Z] defaultcredentials: writing to file /Users/aaron/.config/firebase/aaron_kliithealth_com_application_default_credentials.json
[debug] [2021-02-05T21:38:22.105Z] Setting GAC to /Users/aaron/.config/firebase/aaron_kliithealth_com_application_default_credentials.json {"metadata":{"emulator":{"name":"functions"},"message":"Setting GAC to /Users/aaron/.config/firebase/aaron_kliithealth_com_application_default_credentials.json"}}
[info] i  functions: Watching "/Users/aaron/Desktop/Coding/Kiira/firebase-app-functions/functions" for Cloud Functions... {"metadata":{"emulator":{"name":"functions"},"message":"Watching \"/Users/aaron/Desktop/Coding/Kiira/firebase-app-functions/functions\" for Cloud Functions..."}}
[debug] [2021-02-05T21:38:22.115Z] [worker-pool] addWorker(~diagnostic~) {"metadata":{"emulator":{"name":"functions"},"message":"[worker-pool] addWorker(~diagnostic~)"}}
[debug] [2021-02-05T21:38:22.116Z] [worker-pool] Adding worker with key ~diagnostic~, total=1 {"metadata":{"emulator":{"name":"functions"},"message":"[worker-pool] Adding worker with key ~diagnostic~, total=1"}}
[debug] [2021-02-05T21:38:22.116Z] [worker-pool] submitWork(triggerId=) {"metadata":{"emulator":{"name":"functions"},"message":"[worker-pool] submitWork(triggerId=)"}}
[debug] [2021-02-05T21:38:22.116Z] [worker-~diagnostic~-1eb43641-9bf3-461d-b97f-7c1f27e9d2a3]: Assigning socketPath: /var/folders/h0/gmb8mpk56vj7t4v3gsx0zf480000gn/T/fire_emu_17569.sock {"metadata":{"emulator":{"name":"functions"},"message":"[worker-~diagnostic~-1eb43641-9bf3-461d-b97f-7c1f27e9d2a3]: Assigning socketPath: /var/folders/h0/gmb8mpk56vj7t4v3gsx0zf480000gn/T/fire_emu_17569.sock"}}
[debug] [2021-02-05T21:38:22.116Z] [worker-~diagnostic~-1eb43641-9bf3-461d-b97f-7c1f27e9d2a3]: BUSY {"metadata":{"emulator":{"name":"functions"},"message":"[worker-~diagnostic~-1eb43641-9bf3-461d-b97f-7c1f27e9d2a3]: BUSY"}}
[debug] [2021-02-05T21:38:22.282Z] [runtime-status] [17569] Functions runtime initialized. {"cwd":"/Users/aaron/Desktop/Coding/Kiira/firebase-app-functions/functions","node_version":"12.17.0"} {"metadata":{"emulator":{"name":"functions"},"message":"[runtime-status] [17569] Functions runtime initialized. {\"cwd\":\"/Users/aaron/Desktop/Coding/Kiira/firebase-app-functions/functions\",\"node_version\":\"12.17.0\"}"}}
[debug] [2021-02-05T21:38:22.283Z] [runtime-status] [17569] Disabled runtime features: undefined {"metadata":{"emulator":{"name":"functions"},"message":"[runtime-status] [17569] Disabled runtime features: undefined"}}
[debug] [2021-02-05T21:38:22.284Z] [runtime-status] [17569] Resolved module firebase-admin {"declared":true,"installed":true,"version":"8.7.0","resolution":"/Users/aaron/Desktop/Coding/Kiira/firebase-app-functions/functions/node_modules/firebase-admin/lib/index.js"} {"metadata":{"emulator":{"name":"functions"},"message":"[runtime-status] [17569] Resolved module firebase-admin {\"declared\":true,\"installed\":true,\"version\":\"8.7.0\",\"resolution\":\"/Users/aaron/Desktop/Coding/Kiira/firebase-app-functions/functions/node_modules/firebase-admin/lib/index.js\"}"}}
[warn] ⚠  The Cloud Functions emulator requires the module "firebase-admin" to be version >8.9.0 so your version is too old. You can probably fix this by running "npm install firebase-admin@latest" in your functions directory. {"metadata":{"emulator":{"name":"functions"},"message":"The Cloud Functions emulator requires the module \"firebase-admin\" to be version >8.9.0 so your version is too old. You can probably fix this by running \"npm install firebase-admin@latest\" in your functions directory."}}
[info] i  functions: Your functions could not be parsed due to an issue with your node_modules (see above) {"metadata":{"emulator":{"name":"functions"},"message":"Your functions could not be parsed due to an issue with your node_modules (see above)"}}
[debug] [2021-02-05T21:38:22.298Z] [worker-~diagnostic~-1eb43641-9bf3-461d-b97f-7c1f27e9d2a3]: exited {"metadata":{"emulator":{"name":"functions"},"message":"[worker-~diagnostic~-1eb43641-9bf3-461d-b97f-7c1f27e9d2a3]: exited"}}
[debug] [2021-02-05T21:38:22.298Z] [worker-~diagnostic~-1eb43641-9bf3-461d-b97f-7c1f27e9d2a3]: FINISHED {"metadata":{"emulator":{"name":"functions"},"message":"[worker-~diagnostic~-1eb43641-9bf3-461d-b97f-7c1f27e9d2a3]: FINISHED"}}
[debug] [2021-02-05T21:39:19.479Z] ----------------------------------------------------------------------
[debug] [2021-02-05T21:39:19.480Z] Command:       /usr/local/bin/node /usr/local/bin/firebase serve --only functions
[debug] [2021-02-05T21:39:19.480Z] CLI Version:   8.9.1
[debug] [2021-02-05T21:39:19.481Z] Platform:      darwin
[debug] [2021-02-05T21:39:19.481Z] Node Version:  v12.17.0
[debug] [2021-02-05T21:39:19.481Z] Time:          Fri Feb 05 2021 13:39:19 GMT-0800 (Pacific Standard Time)
[debug] [2021-02-05T21:39:19.481Z] ----------------------------------------------------------------------
[debug] [2021-02-05T21:39:19.481Z] 
[debug] [2021-02-05T21:39:19.487Z] > command requires scopes: ["email","openid","https://www.googleapis.com/auth/cloudplatformprojects.readonly","https://www.googleapis.com/auth/firebase","https://www.googleapis.com/auth/cloud-platform"]
[debug] [2021-02-05T21:39:19.487Z] > authorizing via signed-in user
[debug] [2021-02-05T21:39:19.488Z] [iam] checking project kliit-health-app for permissions ["firebase.projects.get"]
[debug] [2021-02-05T21:39:19.489Z] >>> HTTP REQUEST POST https://cloudresourcemanager.googleapis.com/v1/projects/kliit-health-app:testIamPermissions  
 {"permissions":["firebase.projects.get"]}
[debug] [2021-02-05T21:39:19.777Z] <<< HTTP RESPONSE 200 {"content-type":"application/json; charset=UTF-8","vary":"X-Origin, Referer, Origin,Accept-Encoding","date":"Fri, 05 Feb 2021 21:39:19 GMT","server":"ESF","cache-control":"private","x-xss-protection":"0","x-frame-options":"SAMEORIGIN","x-content-type-options":"nosniff","server-timing":"gfet4t7; dur=224","alt-svc":"h3-29=\":443\"; ma=2592000,h3-T051=\":443\"; ma=2592000,h3-Q050=\":443\"; ma=2592000,h3-Q046=\":443\"; ma=2592000,h3-Q043=\":443\"; ma=2592000,quic=\":443\"; ma=2592000; v=\"46,43\"","accept-ranges":"none","transfer-encoding":"chunked"}
[debug] [2021-02-05T21:39:19.778Z] >>> HTTP REQUEST GET https://firebase.googleapis.com/v1beta1/projects/kliit-health-app  
 
[debug] [2021-02-05T21:39:19.933Z] <<< HTTP RESPONSE 200 {"content-type":"application/json; charset=UTF-8","vary":"X-Origin, Referer, Origin,Accept-Encoding","date":"Fri, 05 Feb 2021 21:39:19 GMT","server":"ESF","cache-control":"private","x-xss-protection":"0","x-frame-options":"SAMEORIGIN","x-content-type-options":"nosniff","alt-svc":"h3-29=\":443\"; ma=2592000,h3-T051=\":443\"; ma=2592000,h3-Q050=\":443\"; ma=2592000,h3-Q046=\":443\"; ma=2592000,h3-Q043=\":443\"; ma=2592000,quic=\":443\"; ma=2592000; v=\"46,43\"","accept-ranges":"none","transfer-encoding":"chunked"}
[info] ✔  functions: Using node@12 from host. {"metadata":{"emulator":{"name":"functions"},"message":"Using node@12 from host."}}
[debug] [2021-02-05T21:39:19.943Z] defaultcredentials: writing to file /Users/aaron/.config/firebase/aaron_kliithealth_com_application_default_credentials.json
[debug] [2021-02-05T21:39:19.944Z] Setting GAC to /Users/aaron/.config/firebase/aaron_kliithealth_com_application_default_credentials.json {"metadata":{"emulator":{"name":"functions"},"message":"Setting GAC to /Users/aaron/.config/firebase/aaron_kliithealth_com_application_default_credentials.json"}}
[info] i  functions: Watching "/Users/aaron/Desktop/Coding/Kiira/firebase-app-functions/functions" for Cloud Functions... {"metadata":{"emulator":{"name":"functions"},"message":"Watching \"/Users/aaron/Desktop/Coding/Kiira/firebase-app-functions/functions\" for Cloud Functions..."}}
[debug] [2021-02-05T21:39:20.211Z] [worker-pool] addWorker(~diagnostic~) {"metadata":{"emulator":{"name":"functions"},"message":"[worker-pool] addWorker(~diagnostic~)"}}
[debug] [2021-02-05T21:39:20.211Z] [worker-pool] Adding worker with key ~diagnostic~, total=1 {"metadata":{"emulator":{"name":"functions"},"message":"[worker-pool] Adding worker with key ~diagnostic~, total=1"}}
[debug] [2021-02-05T21:39:20.211Z] [worker-pool] submitWork(triggerId=) {"metadata":{"emulator":{"name":"functions"},"message":"[worker-pool] submitWork(triggerId=)"}}
[debug] [2021-02-05T21:39:20.211Z] [worker-~diagnostic~-0f797dc6-1619-401f-be9c-cf299f5d1831]: Assigning socketPath: /var/folders/h0/gmb8mpk56vj7t4v3gsx0zf480000gn/T/fire_emu_17721.sock {"metadata":{"emulator":{"name":"functions"},"message":"[worker-~diagnostic~-0f797dc6-1619-401f-be9c-cf299f5d1831]: Assigning socketPath: /var/folders/h0/gmb8mpk56vj7t4v3gsx0zf480000gn/T/fire_emu_17721.sock"}}
[debug] [2021-02-05T21:39:20.212Z] [worker-~diagnostic~-0f797dc6-1619-401f-be9c-cf299f5d1831]: BUSY {"metadata":{"emulator":{"name":"functions"},"message":"[worker-~diagnostic~-0f797dc6-1619-401f-be9c-cf299f5d1831]: BUSY"}}
[debug] [2021-02-05T21:39:20.377Z] [runtime-status] [17721] Functions runtime initialized. {"cwd":"/Users/aaron/Desktop/Coding/Kiira/firebase-app-functions/functions","node_version":"12.17.0"} {"metadata":{"emulator":{"name":"functions"},"message":"[runtime-status] [17721] Functions runtime initialized. {\"cwd\":\"/Users/aaron/Desktop/Coding/Kiira/firebase-app-functions/functions\",\"node_version\":\"12.17.0\"}"}}
[debug] [2021-02-05T21:39:20.377Z] [runtime-status] [17721] Disabled runtime features: undefined {"metadata":{"emulator":{"name":"functions"},"message":"[runtime-status] [17721] Disabled runtime features: undefined"}}
[debug] [2021-02-05T21:39:20.379Z] [runtime-status] [17721] Resolved module firebase-admin {"declared":true,"installed":true,"version":"9.4.2","resolution":"/Users/aaron/Desktop/Coding/Kiira/firebase-app-functions/functions/node_modules/firebase-admin/lib/index.js"} {"metadata":{"emulator":{"name":"functions"},"message":"[runtime-status] [17721] Resolved module firebase-admin {\"declared\":true,\"installed\":true,\"version\":\"9.4.2\",\"resolution\":\"/Users/aaron/Desktop/Coding/Kiira/firebase-app-functions/functions/node_modules/firebase-admin/lib/index.js\"}"}}
[debug] [2021-02-05T21:39:20.379Z] [runtime-status] [17721] Resolved module firebase-functions {"declared":true,"installed":true,"version":"3.3.0","resolution":"/Users/aaron/Desktop/Coding/Kiira/firebase-app-functions/functions/node_modules/firebase-functions/lib/index.js"} {"metadata":{"emulator":{"name":"functions"},"message":"[runtime-status] [17721] Resolved module firebase-functions {\"declared\":true,\"installed\":true,\"version\":\"3.3.0\",\"resolution\":\"/Users/aaron/Desktop/Coding/Kiira/firebase-app-functions/functions/node_modules/firebase-functions/lib/index.js\"}"}}
[debug] [2021-02-05T21:39:20.380Z] [runtime-status] [17721] Resolved module firebase-functions {"declared":true,"installed":true,"version":"3.3.0","resolution":"/Users/aaron/Desktop/Coding/Kiira/firebase-app-functions/functions/node_modules/firebase-functions/lib/index.js"} {"metadata":{"emulator":{"name":"functions"},"message":"[runtime-status] [17721] Resolved module firebase-functions {\"declared\":true,\"installed\":true,\"version\":\"3.3.0\",\"resolution\":\"/Users/aaron/Desktop/Coding/Kiira/firebase-app-functions/functions/node_modules/firebase-functions/lib/index.js\"}"}}
[debug] [2021-02-05T21:39:20.381Z] [runtime-status] [17721] Outgoing network have been stubbed. [{"name":"http","status":"mocked"},{"name":"http","status":"mocked"},{"name":"https","status":"mocked"},{"name":"https","status":"mocked"},{"name":"net","status":"mocked"}] {"metadata":{"emulator":{"name":"functions"},"message":"[runtime-status] [17721] Outgoing network have been stubbed. [{\"name\":\"http\",\"status\":\"mocked\"},{\"name\":\"http\",\"status\":\"mocked\"},{\"name\":\"https\",\"status\":\"mocked\"},{\"name\":\"https\",\"status\":\"mocked\"},{\"name\":\"net\",\"status\":\"mocked\"}]"}}
[debug] [2021-02-05T21:39:20.381Z] [runtime-status] [17721] Resolved module firebase-functions {"declared":true,"installed":true,"version":"3.3.0","resolution":"/Users/aaron/Desktop/Coding/Kiira/firebase-app-functions/functions/node_modules/firebase-functions/lib/index.js"} {"metadata":{"emulator":{"name":"functions"},"message":"[runtime-status] [17721] Resolved module firebase-functions {\"declared\":true,\"installed\":true,\"version\":\"3.3.0\",\"resolution\":\"/Users/aaron/Desktop/Coding/Kiira/firebase-app-functions/functions/node_modules/firebase-functions/lib/index.js\"}"}}
[debug] [2021-02-05T21:39:20.401Z] [runtime-status] [17721] Checked functions.config() {"config":{}} {"metadata":{"emulator":{"name":"functions"},"message":"[runtime-status] [17721] Checked functions.config() {\"config\":{}}"}}
[debug] [2021-02-05T21:39:20.402Z] [runtime-status] [17721] firebase-functions has been stubbed. {"functionsResolution":{"declared":true,"installed":true,"version":"3.3.0","resolution":"/Users/aaron/Desktop/Coding/Kiira/firebase-app-functions/functions/node_modules/firebase-functions/lib/index.js"}} {"metadata":{"emulator":{"name":"functions"},"message":"[runtime-status] [17721] firebase-functions has been stubbed. {\"functionsResolution\":{\"declared\":true,\"installed\":true,\"version\":\"3.3.0\",\"resolution\":\"/Users/aaron/Desktop/Coding/Kiira/firebase-app-functions/functions/node_modules/firebase-functions/lib/index.js\"}}"}}
[debug] [2021-02-05T21:39:20.402Z] [runtime-status] [17721] Resolved module firebase-functions {"declared":true,"installed":true,"version":"3.3.0","resolution":"/Users/aaron/Desktop/Coding/Kiira/firebase-app-functions/functions/node_modules/firebase-functions/lib/index.js"} {"metadata":{"emulator":{"name":"functions"},"message":"[runtime-status] [17721] Resolved module firebase-functions {\"declared\":true,\"installed\":true,\"version\":\"3.3.0\",\"resolution\":\"/Users/aaron/Desktop/Coding/Kiira/firebase-app-functions/functions/node_modules/firebase-functions/lib/index.js\"}"}}
[debug] [2021-02-05T21:39:20.402Z] [runtime-status] [17721] Resolved module firebase-admin {"declared":true,"installed":true,"version":"9.4.2","resolution":"/Users/aaron/Desktop/Coding/Kiira/firebase-app-functions/functions/node_modules/firebase-admin/lib/index.js"} {"metadata":{"emulator":{"name":"functions"},"message":"[runtime-status] [17721] Resolved module firebase-admin {\"declared\":true,\"installed\":true,\"version\":\"9.4.2\",\"resolution\":\"/Users/aaron/Desktop/Coding/Kiira/firebase-app-functions/functions/node_modules/firebase-admin/lib/index.js\"}"}}
[debug] [2021-02-05T21:39:20.402Z] [runtime-status] [17721] Resolved module firebase-functions {"declared":true,"installed":true,"version":"3.3.0","resolution":"/Users/aaron/Desktop/Coding/Kiira/firebase-app-functions/functions/node_modules/firebase-functions/lib/index.js"} {"metadata":{"emulator":{"name":"functions"},"message":"[runtime-status] [17721] Resolved module firebase-functions {\"declared\":true,\"installed\":true,\"version\":\"3.3.0\",\"resolution\":\"/Users/aaron/Desktop/Coding/Kiira/firebase-app-functions/functions/node_modules/firebase-functions/lib/index.js\"}"}}
[debug] [2021-02-05T21:39:20.403Z] [runtime-status] [17721] firebase-admin has been stubbed. {"adminResolution":{"declared":true,"installed":true,"version":"9.4.2","resolution":"/Users/aaron/Desktop/Coding/Kiira/firebase-app-functions/functions/node_modules/firebase-admin/lib/index.js"}} {"metadata":{"emulator":{"name":"functions"},"message":"[runtime-status] [17721] firebase-admin has been stubbed. {\"adminResolution\":{\"declared\":true,\"installed\":true,\"version\":\"9.4.2\",\"resolution\":\"/Users/aaron/Desktop/Coding/Kiira/firebase-app-functions/functions/node_modules/firebase-admin/lib/index.js\"}}"}}
[info] ✔  functions[app]: http function initialized (http://localhost:5000/kliit-health-app/us-central1/app). {"metadata":{"emulator":{"name":"functions"},"message":"\u001b[1mhttp\u001b[22m function initialized (http://localhost:5000/kliit-health-app/us-central1/app)."}}
[debug] [2021-02-05T21:39:20.695Z] [worker-~diagnostic~-0f797dc6-1619-401f-be9c-cf299f5d1831]: IDLE {"metadata":{"emulator":{"name":"functions"},"message":"[worker-~diagnostic~-0f797dc6-1619-401f-be9c-cf299f5d1831]: IDLE"}}
[debug] [2021-02-05T21:39:29.334Z] [work-queue] {"queueLength":1,"workRunningCount":0}
[debug] [2021-02-05T21:39:29.334Z] [work-queue] {"queueLength":0,"workRunningCount":1}
[debug] [2021-02-05T21:39:29.335Z] Accepted request GET /kliit-health-app/us-central1/app --> app
[debug] [2021-02-05T21:39:29.338Z] [worker-pool] addWorker(app) {"metadata":{"emulator":{"name":"functions"},"message":"[worker-pool] addWorker(app)"}}
[debug] [2021-02-05T21:39:29.338Z] [worker-pool] Adding worker with key app, total=1 {"metadata":{"emulator":{"name":"functions"},"message":"[worker-pool] Adding worker with key app, total=1"}}
[debug] [2021-02-05T21:39:29.338Z] [worker-pool] submitWork(triggerId=app) {"metadata":{"emulator":{"name":"functions"},"message":"[worker-pool] submitWork(triggerId=app)"}}
[debug] [2021-02-05T21:39:29.338Z] [worker-app-2b7898c1-3503-44b8-abed-0e79474c4013]: Assigning socketPath: /var/folders/h0/gmb8mpk56vj7t4v3gsx0zf480000gn/T/fire_emu_17736.sock {"metadata":{"emulator":{"name":"functions"},"message":"[worker-app-2b7898c1-3503-44b8-abed-0e79474c4013]: Assigning socketPath: /var/folders/h0/gmb8mpk56vj7t4v3gsx0zf480000gn/T/fire_emu_17736.sock"}}
[debug] [2021-02-05T21:39:29.339Z] [worker-app-2b7898c1-3503-44b8-abed-0e79474c4013]: BUSY {"metadata":{"emulator":{"name":"functions"},"message":"[worker-app-2b7898c1-3503-44b8-abed-0e79474c4013]: BUSY"}}
[debug] [2021-02-05T21:39:29.510Z] [runtime-status] [17736] Functions runtime initialized. {"cwd":"/Users/aaron/Desktop/Coding/Kiira/firebase-app-functions/functions","node_version":"12.17.0"} {"metadata":{"emulator":{"name":"functions"},"function":{"name":"app"},"message":"[runtime-status] [17736] Functions runtime initialized. {\"cwd\":\"/Users/aaron/Desktop/Coding/Kiira/firebase-app-functions/functions\",\"node_version\":\"12.17.0\"}"}}
[debug] [2021-02-05T21:39:29.511Z] [runtime-status] [17736] Disabled runtime features: undefined {"metadata":{"emulator":{"name":"functions"},"function":{"name":"app"},"message":"[runtime-status] [17736] Disabled runtime features: undefined"}}
[debug] [2021-02-05T21:39:29.512Z] [runtime-status] [17736] Resolved module firebase-admin {"declared":true,"installed":true,"version":"9.4.2","resolution":"/Users/aaron/Desktop/Coding/Kiira/firebase-app-functions/functions/node_modules/firebase-admin/lib/index.js"} {"metadata":{"emulator":{"name":"functions"},"function":{"name":"app"},"message":"[runtime-status] [17736] Resolved module firebase-admin {\"declared\":true,\"installed\":true,\"version\":\"9.4.2\",\"resolution\":\"/Users/aaron/Desktop/Coding/Kiira/firebase-app-functions/functions/node_modules/firebase-admin/lib/index.js\"}"}}
[debug] [2021-02-05T21:39:29.513Z] [runtime-status] [17736] Resolved module firebase-functions {"declared":true,"installed":true,"version":"3.3.0","resolution":"/Users/aaron/Desktop/Coding/Kiira/firebase-app-functions/functions/node_modules/firebase-functions/lib/index.js"} {"metadata":{"emulator":{"name":"functions"},"function":{"name":"app"},"message":"[runtime-status] [17736] Resolved module firebase-functions {\"declared\":true,\"installed\":true,\"version\":\"3.3.0\",\"resolution\":\"/Users/aaron/Desktop/Coding/Kiira/firebase-app-functions/functions/node_modules/firebase-functions/lib/index.js\"}"}}
[debug] [2021-02-05T21:39:29.513Z] [runtime-status] [17736] Resolved module firebase-functions {"declared":true,"installed":true,"version":"3.3.0","resolution":"/Users/aaron/Desktop/Coding/Kiira/firebase-app-functions/functions/node_modules/firebase-functions/lib/index.js"} {"metadata":{"emulator":{"name":"functions"},"function":{"name":"app"},"message":"[runtime-status] [17736] Resolved module firebase-functions {\"declared\":true,\"installed\":true,\"version\":\"3.3.0\",\"resolution\":\"/Users/aaron/Desktop/Coding/Kiira/firebase-app-functions/functions/node_modules/firebase-functions/lib/index.js\"}"}}
[debug] [2021-02-05T21:39:29.514Z] [runtime-status] [17736] Outgoing network have been stubbed. [{"name":"http","status":"mocked"},{"name":"http","status":"mocked"},{"name":"https","status":"mocked"},{"name":"https","status":"mocked"},{"name":"net","status":"mocked"}] {"metadata":{"emulator":{"name":"functions"},"function":{"name":"app"},"message":"[runtime-status] [17736] Outgoing network have been stubbed. [{\"name\":\"http\",\"status\":\"mocked\"},{\"name\":\"http\",\"status\":\"mocked\"},{\"name\":\"https\",\"status\":\"mocked\"},{\"name\":\"https\",\"status\":\"mocked\"},{\"name\":\"net\",\"status\":\"mocked\"}]"}}
[debug] [2021-02-05T21:39:29.515Z] [runtime-status] [17736] Resolved module firebase-functions {"declared":true,"installed":true,"version":"3.3.0","resolution":"/Users/aaron/Desktop/Coding/Kiira/firebase-app-functions/functions/node_modules/firebase-functions/lib/index.js"} {"metadata":{"emulator":{"name":"functions"},"function":{"name":"app"},"message":"[runtime-status] [17736] Resolved module firebase-functions {\"declared\":true,\"installed\":true,\"version\":\"3.3.0\",\"resolution\":\"/Users/aaron/Desktop/Coding/Kiira/firebase-app-functions/functions/node_modules/firebase-functions/lib/index.js\"}"}}
[debug] [2021-02-05T21:39:29.535Z] [runtime-status] [17736] Checked functions.config() {"config":{}} {"metadata":{"emulator":{"name":"functions"},"function":{"name":"app"},"message":"[runtime-status] [17736] Checked functions.config() {\"config\":{}}"}}
[debug] [2021-02-05T21:39:29.535Z] [runtime-status] [17736] firebase-functions has been stubbed. {"functionsResolution":{"declared":true,"installed":true,"version":"3.3.0","resolution":"/Users/aaron/Desktop/Coding/Kiira/firebase-app-functions/functions/node_modules/firebase-functions/lib/index.js"}} {"metadata":{"emulator":{"name":"functions"},"function":{"name":"app"},"message":"[runtime-status] [17736] firebase-functions has been stubbed. {\"functionsResolution\":{\"declared\":true,\"installed\":true,\"version\":\"3.3.0\",\"resolution\":\"/Users/aaron/Desktop/Coding/Kiira/firebase-app-functions/functions/node_modules/firebase-functions/lib/index.js\"}}"}}
[debug] [2021-02-05T21:39:29.535Z] [runtime-status] [17736] Resolved module firebase-functions {"declared":true,"installed":true,"version":"3.3.0","resolution":"/Users/aaron/Desktop/Coding/Kiira/firebase-app-functions/functions/node_modules/firebase-functions/lib/index.js"} {"metadata":{"emulator":{"name":"functions"},"function":{"name":"app"},"message":"[runtime-status] [17736] Resolved module firebase-functions {\"declared\":true,\"installed\":true,\"version\":\"3.3.0\",\"resolution\":\"/Users/aaron/Desktop/Coding/Kiira/firebase-app-functions/functions/node_modules/firebase-functions/lib/index.js\"}"}}
[debug] [2021-02-05T21:39:29.536Z] [runtime-status] [17736] Resolved module firebase-admin {"declared":true,"installed":true,"version":"9.4.2","resolution":"/Users/aaron/Desktop/Coding/Kiira/firebase-app-functions/functions/node_modules/firebase-admin/lib/index.js"} {"metadata":{"emulator":{"name":"functions"},"function":{"name":"app"},"message":"[runtime-status] [17736] Resolved module firebase-admin {\"declared\":true,\"installed\":true,\"version\":\"9.4.2\",\"resolution\":\"/Users/aaron/Desktop/Coding/Kiira/firebase-app-functions/functions/node_modules/firebase-admin/lib/index.js\"}"}}
[debug] [2021-02-05T21:39:29.536Z] [runtime-status] [17736] Resolved module firebase-functions {"declared":true,"installed":true,"version":"3.3.0","resolution":"/Users/aaron/Desktop/Coding/Kiira/firebase-app-functions/functions/node_modules/firebase-functions/lib/index.js"} {"metadata":{"emulator":{"name":"functions"},"function":{"name":"app"},"message":"[runtime-status] [17736] Resolved module firebase-functions {\"declared\":true,\"installed\":true,\"version\":\"3.3.0\",\"resolution\":\"/Users/aaron/Desktop/Coding/Kiira/firebase-app-functions/functions/node_modules/firebase-functions/lib/index.js\"}"}}
[debug] [2021-02-05T21:39:29.536Z] [runtime-status] [17736] firebase-admin has been stubbed. {"adminResolution":{"declared":true,"installed":true,"version":"9.4.2","resolution":"/Users/aaron/Desktop/Coding/Kiira/firebase-app-functions/functions/node_modules/firebase-admin/lib/index.js"}} {"metadata":{"emulator":{"name":"functions"},"function":{"name":"app"},"message":"[runtime-status] [17736] firebase-admin has been stubbed. {\"adminResolution\":{\"declared\":true,\"installed\":true,\"version\":\"9.4.2\",\"resolution\":\"/Users/aaron/Desktop/Coding/Kiira/firebase-app-functions/functions/node_modules/firebase-admin/lib/index.js\"}}"}}
[debug] [2021-02-05T21:39:29.694Z] [runtime-status] [17736] Trigger "app" has been found, beginning invocation! {"metadata":{"emulator":{"name":"functions"},"function":{"name":"app"},"message":"[runtime-status] [17736] Trigger \"app\" has been found, beginning invocation!"}}
[info] i  functions: Beginning execution of "app" {"metadata":{"emulator":{"name":"functions"},"function":{"name":"app"},"message":"Beginning execution of \"app\""}}
[debug] [2021-02-05T21:39:29.695Z] [runtime-status] [17736] triggerDefinition {"httpsTrigger":{},"name":"app","entryPoint":"app"} {"metadata":{"emulator":{"name":"functions"},"function":{"name":"app"},"message":"[runtime-status] [17736] triggerDefinition {\"httpsTrigger\":{},\"name\":\"app\",\"entryPoint\":\"app\"}"}}
[debug] [2021-02-05T21:39:29.695Z] [runtime-status] [17736] Running app in mode HTTPS {"metadata":{"emulator":{"name":"functions"},"function":{"name":"app"},"message":"[runtime-status] [17736] Running app in mode HTTPS"}}
[debug] [2021-02-05T21:39:29.696Z] [runtime-status] [17736] Attempting to listen to socketPath: /var/folders/h0/gmb8mpk56vj7t4v3gsx0zf480000gn/T/fire_emu_17736.sock {"metadata":{"emulator":{"name":"functions"},"function":{"name":"app"},"message":"[runtime-status] [17736] Attempting to listen to socketPath: /var/folders/h0/gmb8mpk56vj7t4v3gsx0zf480000gn/T/fire_emu_17736.sock"}}
[debug] [2021-02-05T21:39:29.698Z] [functions] Runtime ready! Sending request! {"metadata":{"emulator":{"name":"functions"},"message":"[functions] Runtime ready! Sending request!"}}
[debug] [2021-02-05T21:39:29.702Z] [runtime-status] [17736] Ephemeral server handling GET request {"metadata":{"emulator":{"name":"functions"},"function":{"name":"app"},"message":"[runtime-status] [17736] Ephemeral server handling GET request"}}
[debug] [2021-02-05T21:39:29.706Z] [runtime-status] [17736] Ephemeral server survived. {"metadata":{"emulator":{"name":"functions"},"function":{"name":"app"},"message":"[runtime-status] [17736] Ephemeral server survived."}}
[info] i  functions: Finished "app" in ~1s {"metadata":{"emulator":{"name":"functions"},"function":{"name":"app"},"message":"Finished \"app\" in ~1s"}}
[debug] [2021-02-05T21:39:29.706Z] [worker-app-2b7898c1-3503-44b8-abed-0e79474c4013]: IDLE {"metadata":{"emulator":{"name":"functions"},"message":"[worker-app-2b7898c1-3503-44b8-abed-0e79474c4013]: IDLE"}}
[debug] [2021-02-05T21:39:29.707Z] [work-queue] {"queueLength":0,"workRunningCount":0}
[debug] [2021-02-05T21:53:56.603Z] [work-queue] {"queueLength":1,"workRunningCount":0}
[debug] [2021-02-05T21:53:56.603Z] [work-queue] {"queueLength":0,"workRunningCount":1}
[debug] [2021-02-05T21:53:56.603Z] Accepted request GET /kliit-health-app/us-central1/app/loginForm --> app
[debug] [2021-02-05T21:53:56.603Z] [worker-pool] submitWork(triggerId=app) {"metadata":{"emulator":{"name":"functions"},"message":"[worker-pool] submitWork(triggerId=app)"}}
[debug] [2021-02-05T21:53:56.604Z] [worker-app-2b7898c1-3503-44b8-abed-0e79474c4013]: Assigning socketPath: /var/folders/h0/gmb8mpk56vj7t4v3gsx0zf480000gn/T/fire_emu_17736.sock {"metadata":{"emulator":{"name":"functions"},"message":"[worker-app-2b7898c1-3503-44b8-abed-0e79474c4013]: Assigning socketPath: /var/folders/h0/gmb8mpk56vj7t4v3gsx0zf480000gn/T/fire_emu_17736.sock"}}
[debug] [2021-02-05T21:53:56.604Z] [worker-app-2b7898c1-3503-44b8-abed-0e79474c4013]: BUSY {"metadata":{"emulator":{"name":"functions"},"message":"[worker-app-2b7898c1-3503-44b8-abed-0e79474c4013]: BUSY"}}
[debug] [2021-02-05T21:53:56.604Z] [runtime-status] [17736] Trigger "app" has been found, beginning invocation! {"metadata":{"emulator":{"name":"functions"},"function":{"name":"app"},"message":"[runtime-status] [17736] Trigger \"app\" has been found, beginning invocation!"}}
[info] i  functions: Beginning execution of "app" {"metadata":{"emulator":{"name":"functions"},"function":{"name":"app"},"message":"Beginning execution of \"app\""}}
[debug] [2021-02-05T21:53:56.604Z] [runtime-status] [17736] triggerDefinition {"httpsTrigger":{},"name":"app","entryPoint":"app"} {"metadata":{"emulator":{"name":"functions"},"function":{"name":"app"},"message":"[runtime-status] [17736] triggerDefinition {\"httpsTrigger\":{},\"name\":\"app\",\"entryPoint\":\"app\"}"}}
[debug] [2021-02-05T21:53:56.604Z] [runtime-status] [17736] Running app in mode HTTPS {"metadata":{"emulator":{"name":"functions"},"function":{"name":"app"},"message":"[runtime-status] [17736] Running app in mode HTTPS"}}
[debug] [2021-02-05T21:53:56.604Z] [runtime-status] [17736] Attempting to listen to socketPath: /var/folders/h0/gmb8mpk56vj7t4v3gsx0zf480000gn/T/fire_emu_17736.sock {"metadata":{"emulator":{"name":"functions"},"function":{"name":"app"},"message":"[runtime-status] [17736] Attempting to listen to socketPath: /var/folders/h0/gmb8mpk56vj7t4v3gsx0zf480000gn/T/fire_emu_17736.sock"}}
[debug] [2021-02-05T21:53:56.605Z] [functions] Runtime ready! Sending request! {"metadata":{"emulator":{"name":"functions"},"message":"[functions] Runtime ready! Sending request!"}}
[debug] [2021-02-05T21:53:56.606Z] [runtime-status] [17736] Ephemeral server handling GET request {"metadata":{"emulator":{"name":"functions"},"function":{"name":"app"},"message":"[runtime-status] [17736] Ephemeral server handling GET request"}}
[debug] [2021-02-05T21:53:56.609Z] [runtime-status] [17736] Ephemeral server survived. {"metadata":{"emulator":{"name":"functions"},"function":{"name":"app"},"message":"[runtime-status] [17736] Ephemeral server survived."}}
[info] i  functions: Finished "app" in ~1s {"metadata":{"emulator":{"name":"functions"},"function":{"name":"app"},"message":"Finished \"app\" in ~1s"}}
[debug] [2021-02-05T21:53:56.610Z] [worker-app-2b7898c1-3503-44b8-abed-0e79474c4013]: IDLE {"metadata":{"emulator":{"name":"functions"},"message":"[worker-app-2b7898c1-3503-44b8-abed-0e79474c4013]: IDLE"}}
[debug] [2021-02-05T21:53:56.610Z] [work-queue] {"queueLength":0,"workRunningCount":0}
[debug] [2021-02-05T21:53:56.622Z] Functions emulator received unknown request at path /vendor/bootstrap/css/bootstrap.min.css
[debug] [2021-02-05T21:53:56.625Z] Functions emulator received unknown request at path /fonts/font-awesome-4.7.0/css/font-awesome.min.css
[debug] [2021-02-05T21:53:56.625Z] Functions emulator received unknown request at path /fonts/Linearicons-Free-v1.0.0/icon-font.min.css
[debug] [2021-02-05T21:53:56.625Z] Functions emulator received unknown request at path /vendor/animate/animate.css
[debug] [2021-02-05T21:53:56.626Z] Functions emulator received unknown request at path /vendor/css-hamburgers/hamburgers.min.css
[debug] [2021-02-05T21:53:56.626Z] Functions emulator received unknown request at path /vendor/select2/select2.min.css
[debug] [2021-02-05T21:53:56.627Z] Functions emulator received unknown request at path /vendor/animsition/css/animsition.min.css
[debug] [2021-02-05T21:53:56.627Z] Functions emulator received unknown request at path /css/util.css
[debug] [2021-02-05T21:53:56.628Z] Functions emulator received unknown request at path /css/main.css
[debug] [2021-02-05T21:53:56.628Z] Functions emulator received unknown request at path /vendor/jquery/jquery-3.2.1.min.js
[debug] [2021-02-05T21:53:56.628Z] Functions emulator received unknown request at path /vendor/daterangepicker/daterangepicker.css
[debug] [2021-02-05T21:53:56.629Z] Functions emulator received unknown request at path /vendor/animsition/js/animsition.min.js
[debug] [2021-02-05T21:53:56.631Z] Functions emulator received unknown request at path /vendor/bootstrap/js/popper.js
[debug] [2021-02-05T21:53:56.631Z] Functions emulator received unknown request at path /vendor/bootstrap/js/bootstrap.min.js
[debug] [2021-02-05T21:53:56.631Z] Functions emulator received unknown request at path /vendor/select2/select2.min.js
[debug] [2021-02-05T21:53:56.632Z] Functions emulator received unknown request at path /vendor/daterangepicker/moment.min.js
[debug] [2021-02-05T21:53:56.632Z] Functions emulator received unknown request at path /vendor/daterangepicker/daterangepicker.js
[debug] [2021-02-05T21:53:56.632Z] Functions emulator received unknown request at path /vendor/countdowntime/countdowntime.js
[debug] [2021-02-05T21:53:56.633Z] Functions emulator received unknown request at path /js/main.js
[debug] [2021-02-05T21:53:56.633Z] Functions emulator received unknown request at path /plugins/images/admin-text-dark.png
[debug] [2021-02-05T21:53:56.643Z] Functions emulator received unknown request at path /images/icons/favicon.ico
[info] Shutting down...
